<?xml version="1.0" encoding="UTF-8"?>
<testsuite name="com.chatbox.chatbox.ChatboxApplicationTests" tests="1" skipped="0" failures="0" errors="0" timestamp="2026-01-13T00:01:16.295Z" hostname="NISA" time="0.412">
  <properties/>
  <testcase name="contextLoads()" classname="com.chatbox.chatbox.ChatboxApplicationTests" time="0.412"/>
  <system-out><![CDATA[03:01:09.581 [Test worker] INFO org.springframework.test.context.support.AnnotationConfigContextLoaderUtils -- Could not detect default configuration classes for test class [com.chatbox.chatbox.ChatboxApplicationTests]: ChatboxApplicationTests does not declare any static, non-private, non-final, nested classes annotated with @Configuration.
03:01:09.672 [Test worker] INFO org.springframework.boot.test.context.SpringBootTestContextBootstrapper -- Found @SpringBootConfiguration com.chatbox.chatbox.ChatboxApplication for test class com.chatbox.chatbox.ChatboxApplicationTests

  .   ____          _            __ _ _
 /\\ / ___'_ __ _ _(_)_ __  __ _ \ \ \ \
( ( )\___ | '_ | '_| | '_ \/ _` | \ \ \ \
 \\/  ___)| |_)| | | | | || (_| |  ) ) ) )
  '  |____| .__|_| |_|_| |_\__, | / / / /
 =========|_|==============|___/=/_/_/_/

 :: Spring Boot ::               (v3.4.13)

2026-01-13T03:01:10.068+03:00  INFO 23120 --- [chatbox] [    Test worker] c.c.chatbox.ChatboxApplicationTests      : Starting ChatboxApplicationTests using Java 21.0.7 with PID 23120 (started by irem nisa in C:\Users\irem nisa\IdeaProjects\chatbox)
2026-01-13T03:01:10.070+03:00  INFO 23120 --- [chatbox] [    Test worker] c.c.chatbox.ChatboxApplicationTests      : The following 1 profile is active: "dev"
2026-01-13T03:01:11.013+03:00  INFO 23120 --- [chatbox] [    Test worker] .s.d.r.c.RepositoryConfigurationDelegate : Bootstrapping Spring Data JPA repositories in DEFAULT mode.
2026-01-13T03:01:11.076+03:00  INFO 23120 --- [chatbox] [    Test worker] .s.d.r.c.RepositoryConfigurationDelegate : Finished Spring Data repository scanning in 51 ms. Found 4 JPA repository interfaces.
2026-01-13T03:01:11.801+03:00  INFO 23120 --- [chatbox] [    Test worker] com.zaxxer.hikari.HikariDataSource       : HikariPool-1 - Starting...
2026-01-13T03:01:11.983+03:00  INFO 23120 --- [chatbox] [    Test worker] com.zaxxer.hikari.pool.HikariPool        : HikariPool-1 - Added connection com.mysql.cj.jdbc.ConnectionImpl@55e91e61
2026-01-13T03:01:11.984+03:00  INFO 23120 --- [chatbox] [    Test worker] com.zaxxer.hikari.HikariDataSource       : HikariPool-1 - Start completed.
2026-01-13T03:01:12.025+03:00  INFO 23120 --- [chatbox] [    Test worker] org.flywaydb.core.FlywayExecutor         : Database: jdbc:mysql://localhost:3306/chatbox?useSSL=false&allowPublicKeyRetrieval=true&serverTimezone=Europe/Istanbul (MySQL 8.0)
2026-01-13T03:01:12.078+03:00  INFO 23120 --- [chatbox] [    Test worker] o.f.core.internal.command.DbValidate     : Successfully validated 1 migration (execution time 00:00.030s)
2026-01-13T03:01:12.092+03:00  INFO 23120 --- [chatbox] [    Test worker] o.f.core.internal.command.DbMigrate      : Current version of schema `chatbox`: 1
2026-01-13T03:01:12.094+03:00  INFO 23120 --- [chatbox] [    Test worker] o.f.core.internal.command.DbMigrate      : Schema `chatbox` is up to date. No migration necessary.
2026-01-13T03:01:12.228+03:00  INFO 23120 --- [chatbox] [    Test worker] o.hibernate.jpa.internal.util.LogHelper  : HHH000204: Processing PersistenceUnitInfo [name: default]
2026-01-13T03:01:12.345+03:00  INFO 23120 --- [chatbox] [    Test worker] org.hibernate.Version                    : HHH000412: Hibernate ORM core version 6.6.39.Final
2026-01-13T03:01:12.407+03:00  INFO 23120 --- [chatbox] [    Test worker] o.h.c.internal.RegionFactoryInitiator    : HHH000026: Second-level cache disabled
2026-01-13T03:01:12.689+03:00  INFO 23120 --- [chatbox] [    Test worker] o.s.o.j.p.SpringPersistenceUnitInfo      : No LoadTimeWeaver setup: ignoring JPA class transformer
2026-01-13T03:01:12.781+03:00  INFO 23120 --- [chatbox] [    Test worker] org.hibernate.orm.connections.pooling    : HHH10001005: Database info:
	Database JDBC URL [Connecting through datasource 'HikariDataSource (HikariPool-1)']
	Database driver: undefined/unknown
	Database version: 8.0.42
	Autocommit mode: undefined/unknown
	Isolation level: undefined/unknown
	Minimum pool size: undefined/unknown
	Maximum pool size: undefined/unknown
2026-01-13T03:01:13.678+03:00  INFO 23120 --- [chatbox] [    Test worker] o.h.e.t.j.p.i.JtaPlatformInitiator       : HHH000489: No JTA platform available (set 'hibernate.transaction.jta.platform' to enable JTA platform integration)
2026-01-13T03:01:13.727+03:00  INFO 23120 --- [chatbox] [    Test worker] j.LocalContainerEntityManagerFactoryBean : Initialized JPA EntityManagerFactory for persistence unit 'default'
2026-01-13T03:01:14.209+03:00  INFO 23120 --- [chatbox] [    Test worker] o.s.d.j.r.query.QueryEnhancerFactory     : Hibernate is in classpath; If applicable, HQL parser will be used.
2026-01-13T03:01:15.323+03:00  WARN 23120 --- [chatbox] [    Test worker] JpaBaseConfiguration$JpaWebConfiguration : spring.jpa.open-in-view is enabled by default. Therefore, database queries may be performed during view rendering. Explicitly configure spring.jpa.open-in-view to disable this warning
2026-01-13T03:01:15.359+03:00  WARN 23120 --- [chatbox] [    Test worker] .s.s.UserDetailsServiceAutoConfiguration : 

Using generated security password: 8b55bc66-72e4-4584-8dcf-857283c94ce1

This generated password is for development use only. Your security configuration must be updated before running your application in production.

2026-01-13T03:01:15.394+03:00  INFO 23120 --- [chatbox] [    Test worker] r$InitializeUserDetailsManagerConfigurer : Global AuthenticationManager configured with UserDetailsService bean with name inMemoryUserDetailsManager
2026-01-13T03:01:16.282+03:00  INFO 23120 --- [chatbox] [    Test worker] c.c.chatbox.ChatboxApplicationTests      : Started ChatboxApplicationTests in 6.466 seconds (process running for 7.385)
2026-01-13T03:01:16.285+03:00  WARN 23120 --- [chatbox] [    Test worker] o.s.core.events.SpringDocAppInitializer  : SpringDoc /v3/api-docs endpoint is enabled by default. To disable it in production, set the property 'springdoc.api-docs.enabled=false'
2026-01-13T03:01:16.285+03:00  WARN 23120 --- [chatbox] [    Test worker] o.s.core.events.SpringDocAppInitializer  : SpringDoc /swagger-ui.html endpoint is enabled by default. To disable it in production, set the property 'springdoc.swagger-ui.enabled=false'
]]></system-out>
  <system-err><![CDATA[Mockito is currently self-attaching to enable the inline-mock-maker. This will no longer work in future releases of the JDK. Please add Mockito as an agent to your build what is described in Mockito's documentation: https://javadoc.io/doc/org.mockito/mockito-core/latest/org/mockito/Mockito.html#0.3
WARNING: A Java agent has been loaded dynamically (C:\Users\irem nisa\.gradle\caches\modules-2\files-2.1\net.bytebuddy\byte-buddy-agent\1.15.11\a38b16385e867f59a641330f0362ebe742788ed8\byte-buddy-agent-1.15.11.jar)
WARNING: If a serviceability tool is in use, please run with -XX:+EnableDynamicAgentLoading to hide this warning
WARNING: If a serviceability tool is not in use, please run with -Djdk.instrument.traceUsage for more information
WARNING: Dynamic loading of agents will be disallowed by default in a future release
]]></system-err>
</testsuite>
